<?xml version="1.0" encoding="UTF-8"?>
<testng-results ignored="0" total="2" passed="1" failed="1" skipped="0">
  <reporter-output>
  </reporter-output>
  <suite started-at="2022-05-23T10:28:42 IST" name="Default suite" finished-at="2022-05-23T10:28:59 IST" duration-ms="16886">
    <groups>
    </groups>
    <test started-at="2022-05-23T10:28:42 IST" name="Default test" finished-at="2022-05-23T10:28:59 IST" duration-ms="16886">
      <class name="com.java.testNG.Test.LoginPageTest">
        <test-method is-config="true" signature="reportSetup()[pri:0, instance:com.java.testNG.Test.LoginPageTest@6e171cd7]" started-at="2022-05-23T10:28:06 IST" name="reportSetup" finished-at="2022-05-23T10:28:08 IST" duration-ms="1955" status="PASS">
          <reporter-output>
          </reporter-output>
        </test-method> <!-- reportSetup -->
        <test-method is-config="true" signature="launchBrowser()[pri:0, instance:com.java.testNG.Test.LoginPageTest@6e171cd7]" started-at="2022-05-23T10:28:08 IST" name="launchBrowser" finished-at="2022-05-23T10:28:42 IST" depends-on-methods="com.java.testNG.Initiliazer.baseSetup.reportSetup" duration-ms="33698" status="PASS">
          <reporter-output>
          </reporter-output>
        </test-method> <!-- launchBrowser -->
        <test-method signature="login()[pri:0, instance:com.java.testNG.Test.LoginPageTest@6e171cd7]" started-at="2022-05-23T10:28:42 IST" name="login" finished-at="2022-05-23T10:28:47 IST" duration-ms="4475" status="PASS">
          <reporter-output>
          </reporter-output>
        </test-method> <!-- login -->
        <test-method is-config="true" signature="tearDown(org.testng.ITestResult)[pri:0, instance:com.java.testNG.Test.LoginPageTest@6e171cd7]" started-at="2022-05-23T10:28:47 IST" name="tearDown" finished-at="2022-05-23T10:28:47 IST" duration-ms="14" status="PASS">
          <params>
            <param index="0">
              <value>
                <![CDATA[[TestResult name=login status=SUCCESS method=LoginPageTest.login()[pri:0, instance:com.java.testNG.Test.LoginPageTest@6e171cd7] output={null}]]]>
              </value>
            </param>
          </params>
          <reporter-output>
          </reporter-output>
        </test-method> <!-- tearDown -->
        <test-method signature="Jquery()[pri:1, instance:com.java.testNG.Test.LoginPageTest@6e171cd7]" started-at="2022-05-23T10:28:47 IST" name="Jquery" finished-at="2022-05-23T10:28:58 IST" duration-ms="11131" status="FAIL">
          <exception class="java.lang.AssertionError">
            <message>
              <![CDATA[expected [Gogle] but found [Google]]]>
            </message>
            <full-stacktrace>
              <![CDATA[java.lang.AssertionError: expected [Gogle] but found [Google]
at org.testng.Assert.fail(Assert.java:99)
at org.testng.Assert.failNotEquals(Assert.java:1037)
at org.testng.Assert.assertEqualsImpl(Assert.java:140)
at org.testng.Assert.assertEquals(Assert.java:122)
at org.testng.Assert.assertEquals(Assert.java:629)
at org.testng.Assert.assertEquals(Assert.java:639)
at com.java.testNG.Test.LoginPageTest.Jquery(LoginPageTest.java:57)
at java.base/jdk.internal.reflect.NativeMethodAccessorImpl.invoke0(Native Method)
at java.base/jdk.internal.reflect.NativeMethodAccessorImpl.invoke(NativeMethodAccessorImpl.java:77)
at java.base/jdk.internal.reflect.DelegatingMethodAccessorImpl.invoke(DelegatingMethodAccessorImpl.java:43)
at java.base/java.lang.reflect.Method.invoke(Method.java:568)
at org.testng.internal.MethodInvocationHelper.invokeMethod(MethodInvocationHelper.java:133)
at org.testng.internal.TestInvoker.invokeMethod(TestInvoker.java:598)
at org.testng.internal.TestInvoker.invokeTestMethod(TestInvoker.java:173)
at org.testng.internal.MethodRunner.runInSequence(MethodRunner.java:46)
at org.testng.internal.TestInvoker$MethodInvocationAgent.invoke(TestInvoker.java:824)
at org.testng.internal.TestInvoker.invokeTestMethods(TestInvoker.java:146)
at org.testng.internal.TestMethodWorker.invokeTestMethods(TestMethodWorker.java:146)
at org.testng.internal.TestMethodWorker.run(TestMethodWorker.java:128)
at java.base/java.util.ArrayList.forEach(ArrayList.java:1511)
at org.testng.TestRunner.privateRun(TestRunner.java:794)
at org.testng.TestRunner.run(TestRunner.java:596)
at org.testng.SuiteRunner.runTest(SuiteRunner.java:377)
at org.testng.SuiteRunner.runSequentially(SuiteRunner.java:371)
at org.testng.SuiteRunner.privateRun(SuiteRunner.java:332)
at org.testng.SuiteRunner.run(SuiteRunner.java:276)
at org.testng.SuiteRunnerWorker.runSuite(SuiteRunnerWorker.java:53)
at org.testng.SuiteRunnerWorker.run(SuiteRunnerWorker.java:96)
at org.testng.TestNG.runSuitesSequentially(TestNG.java:1212)
at org.testng.TestNG.runSuitesLocally(TestNG.java:1134)
at org.testng.TestNG.runSuites(TestNG.java:1063)
at org.testng.TestNG.run(TestNG.java:1031)
at org.testng.remote.AbstractRemoteTestNG.run(AbstractRemoteTestNG.java:115)
at org.testng.remote.RemoteTestNG.initAndRun(RemoteTestNG.java:251)
at org.testng.remote.RemoteTestNG.main(RemoteTestNG.java:77)
]]>
            </full-stacktrace>
          </exception> <!-- java.lang.AssertionError -->
          <reporter-output>
          </reporter-output>
        </test-method> <!-- Jquery -->
        <test-method is-config="true" signature="tearDown(org.testng.ITestResult)[pri:0, instance:com.java.testNG.Test.LoginPageTest@6e171cd7]" started-at="2022-05-23T10:28:58 IST" name="tearDown" finished-at="2022-05-23T10:28:59 IST" duration-ms="948" status="PASS">
          <params>
            <param index="0">
              <value>
                <![CDATA[[TestResult name=Jquery status=FAILURE method=LoginPageTest.Jquery()[pri:1, instance:com.java.testNG.Test.LoginPageTest@6e171cd7] output={null}]]]>
              </value>
            </param>
          </params>
          <reporter-output>
          </reporter-output>
        </test-method> <!-- tearDown -->
        <test-method is-config="true" signature="reportFlush()[pri:0, instance:com.java.testNG.Test.LoginPageTest@6e171cd7]" started-at="2022-05-23T10:28:59 IST" name="reportFlush" finished-at="2022-05-23T10:29:01 IST" duration-ms="1992" status="PASS">
          <reporter-output>
          </reporter-output>
        </test-method> <!-- reportFlush -->
      </class> <!-- com.java.testNG.Test.LoginPageTest -->
    </test> <!-- Default test -->
  </suite> <!-- Default suite -->
</testng-results>
